<?xml version="1.0" encoding="UTF-8"?>
<testng-results ignored="0" total="1" passed="1" failed="0" skipped="0">
  <reporter-output>
    <line>
      <![CDATA[This is sample Hello prg]]>
    </line>
    <line>
      <![CDATA[This is second line ]]>
    </line>
  </reporter-output>
  <suite started-at="2021-05-09T13:04:04 BST" name="Default suite" finished-at="2021-05-09T13:04:04 BST" duration-ms="78">
    <groups>
    </groups>
    <test started-at="2021-05-09T13:04:04 BST" name="Default test" finished-at="2021-05-09T13:04:04 BST" duration-ms="78">
      <class name="zzzdummy.Test1">
        <test-method signature="SampleHello()[pri:0, instance:zzzdummy.Test1@10aa41f2]" started-at="2021-05-09T13:04:04 BST" name="SampleHello" finished-at="2021-05-09T13:04:04 BST" duration-ms="13" status="PASS">
          <reporter-output>
            <line>
              <![CDATA[This is sample Hello prg]]>
            </line>
            <line>
              <![CDATA[This is second line ]]>
            </line>
          </reporter-output>
        </test-method> <!-- SampleHello -->
      </class> <!-- zzzdummy.Test1 -->
    </test> <!-- Default test -->
  </suite> <!-- Default suite -->
</testng-results>
